ubuntu@ip-10-0-22-13:~/code/openmrs-module-teleconsultation$ mvn clean package
[INFO] Scanning for projects...
[WARNING] 
[WARNING] Some problems were encountered while building the effective model for org.bahmni.module:teleconsultation-omod:jar:2.1.0-SNAPSHOT
[WARNING] 'build.plugins.plugin.(groupId:artifactId)' must be unique but found duplicate declaration of plugin org.jacoco:jacoco-maven-plugin @ line 139, column 21
[WARNING] 
[WARNING] It is highly recommended to fix these problems because they threaten the stability of your build.
[WARNING] 
[WARNING] For this reason, future Maven versions might no longer support building such malformed projects.
[WARNING] 
[INFO] Inspecting build with total of 3 modules
[INFO] Installing Central Publishing features
[INFO] ------------------------------------------------------------------------
[INFO] Reactor Build Order:
[INFO] 
[INFO] Teleconsultation                                                   [pom]
[INFO] Teleconsultation API                                               [jar]
[INFO] Teleconsultation OMOD                                              [jar]
[INFO] 
[INFO] -----------------< org.bahmni.module:teleconsultation >-----------------
[INFO] Building Teleconsultation 2.1.0-SNAPSHOT                           [1/3]
[INFO] --------------------------------[ pom ]---------------------------------
[INFO] 
[INFO] --- maven-clean-plugin:2.5:clean (default-clean) @ teleconsultation ---
[INFO] 
[INFO] ---------------< org.bahmni.module:teleconsultation-api >---------------
[INFO] Building Teleconsultation API 2.1.0-SNAPSHOT                       [2/3]
[INFO] --------------------------------[ jar ]---------------------------------
[INFO] 
[INFO] --- maven-clean-plugin:2.5:clean (default-clean) @ teleconsultation-api ---
[INFO] Deleting /home/ubuntu/code/openmrs-module-teleconsultation/api/target
[INFO] 
[INFO] --- jacoco-maven-plugin:0.7.9:prepare-agent (default) @ teleconsultation-api ---
[INFO] argLine set to -javaagent:/home/ubuntu/.m2/repository/org/jacoco/org.jacoco.agent/0.7.9/org.jacoco.agent-0.7.9-runtime.jar=destfile=/home/ubuntu/code/openmrs-module-teleconsultation/api/target/jacoco.exec,excludes=**/*Activator.class
[INFO] 
[INFO] --- maven-resources-plugin:2.6:resources (default-resources) @ teleconsultation-api ---
[WARNING] File encoding has not been set, using platform encoding UTF-8, i.e. build is platform dependent!
[WARNING] Using platform encoding (UTF-8 actually) to copy filtered resources, i.e. build is platform dependent!
[INFO] Copying 5 resources
[INFO] 
[INFO] --- maven-compiler-plugin:3.1:compile (default-compile) @ teleconsultation-api ---
[INFO] Changes detected - recompiling the module!
[WARNING] File encoding has not been set, using platform encoding UTF-8, i.e. build is platform dependent!
[INFO] Compiling 3 source files to /home/ubuntu/code/openmrs-module-teleconsultation/api/target/classes
[INFO] 
[INFO] --- maven-resources-plugin:2.6:testResources (default-testResources) @ teleconsultation-api ---
[WARNING] File encoding has not been set, using platform encoding UTF-8, i.e. build is platform dependent!
[WARNING] Using platform encoding (UTF-8 actually) to copy filtered resources, i.e. build is platform dependent!
[INFO] Copying 2 resources
[INFO] 
[INFO] --- maven-compiler-plugin:3.1:testCompile (default-testCompile) @ teleconsultation-api ---
[INFO] Changes detected - recompiling the module!
[WARNING] File encoding has not been set, using platform encoding UTF-8, i.e. build is platform dependent!
[INFO] Compiling 2 source files to /home/ubuntu/code/openmrs-module-teleconsultation/api/target/test-classes
[WARNING] /home/ubuntu/code/openmrs-module-teleconsultation/api/src/test/java/org/bahmni/module/teleconsultation/api/TeleconsultationServiceTest.java: Some input files use or override a deprecated API.
[WARNING] /home/ubuntu/code/openmrs-module-teleconsultation/api/src/test/java/org/bahmni/module/teleconsultation/api/TeleconsultationServiceTest.java: Recompile with -Xlint:deprecation for details.
[INFO] 
[INFO] --- maven-surefire-plugin:2.10:test (default-test) @ teleconsultation-api ---
[INFO] Surefire report directory: /home/ubuntu/code/openmrs-module-teleconsultation/api/target/surefire-reports

-------------------------------------------------------
 T E S T S
-------------------------------------------------------
Exception in thread "main" java.lang.reflect.InvocationTargetException
	at java.base/jdk.internal.reflect.NativeMethodAccessorImpl.invoke0(Native Method)
	at java.base/jdk.internal.reflect.NativeMethodAccessorImpl.invoke(NativeMethodAccessorImpl.java:62)
	at java.base/jdk.internal.reflect.DelegatingMethodAccessorImpl.invoke(DelegatingMethodAccessorImpl.java:43)
	at java.base/java.lang.reflect.Method.invoke(Method.java:566)
	at java.instrument/sun.instrument.InstrumentationImpl.loadClassAndStartAgent(InstrumentationImpl.java:513)
	at java.instrument/sun.instrument.InstrumentationImpl.loadClassAndCallPremain(InstrumentationImpl.java:525)
Caused by: java.lang.RuntimeException: Class java/util/UUID could not be instrumented.
	at org.jacoco.agent.rt.internal_8ff85ea.core.runtime.ModifiedSystemClassRuntime.createFor(ModifiedSystemClassRuntime.java:140)
	at org.jacoco.agent.rt.internal_8ff85ea.core.runtime.ModifiedSystemClassRuntime.createFor(ModifiedSystemClassRuntime.java:101)
	at org.jacoco.agent.rt.internal_8ff85ea.PreMain.createRuntime(PreMain.java:55)
	at org.jacoco.agent.rt.internal_8ff85ea.PreMain.premain(PreMain.java:47)
	... 6 more
Caused by: java.lang.NoSuchFieldException: $jacocoAccess
	at java.base/java.lang.Class.getField(Class.java:1999)
	at org.jacoco.agent.rt.internal_8ff85ea.core.runtime.ModifiedSystemClassRuntime.createFor(ModifiedSystemClassRuntime.java:138)
	... 9 more
*** java.lang.instrument ASSERTION FAILED ***: "result" with message agent load/premain call failed at ./src/java.instrument/share/native/libinstrument/JPLISAgent.c line: 422
FATAL ERROR in native method: processing of -javaagent failed, processJavaStart failed
Native frames: (J=compiled Java code, A=aot compiled Java code, j=interpreted, Vv=VM code, C=native code)
V  [libjvm.so+0x8ece74]  jni_FatalError+0xf4
V  [libjvm.so+0xa1472a]  JvmtiExport::post_vm_initialized()+0x2da
V  [libjvm.so+0xe4ed51]  Threads::create_vm(JavaVMInitArgs*, bool*)+0x9d1
V  [libjvm.so+0x8fbcb6]  JNI_CreateJavaVM+0x56
C  [libjli.so+0x4d11]  JavaMain+0x91
C  [libjli.so+0x99bd]  ThreadJavaMain+0xd
Aborted (core dumped)

Results :

Tests run: 0, Failures: 0, Errors: 0, Skipped: 0

[INFO] 
[INFO] --- maven-jar-plugin:2.4:jar (default-jar) @ teleconsultation-api ---
[INFO] Building jar: /home/ubuntu/code/openmrs-module-teleconsultation/api/target/teleconsultation-api-2.1.0-SNAPSHOT.jar
[INFO] 
[INFO] --- maven-jar-plugin:2.4:test-jar (default) @ teleconsultation-api ---
[INFO] Building jar: /home/ubuntu/code/openmrs-module-teleconsultation/api/target/teleconsultation-api-2.1.0-SNAPSHOT-tests.jar
[INFO] 
[INFO] --------------< org.bahmni.module:teleconsultation-omod >---------------
[INFO] Building Teleconsultation OMOD 2.1.0-SNAPSHOT                      [3/3]
[INFO] --------------------------------[ jar ]---------------------------------
Downloading from openmrs-repo: https://mavenrepo.openmrs.org/public/javax/servlet/javax.servlet-api/3.0.1/javax.servlet-api-3.0.1.pom
Downloaded from openmrs-repo: https://mavenrepo.openmrs.org/public/javax/servlet/javax.servlet-api/3.0.1/javax.servlet-api-3.0.1.pom (13 kB at 19 kB/s)
Downloading from openmrs-repo: https://mavenrepo.openmrs.org/public/org/hamcrest/hamcrest-all/1.3/hamcrest-all-1.3.pom
Downloaded from openmrs-repo: https://mavenrepo.openmrs.org/public/org/hamcrest/hamcrest-all/1.3/hamcrest-all-1.3.pom (650 B at 3.1 kB/s)
Downloading from openmrs-repo: https://mavenrepo.openmrs.org/public/javax/servlet/javax.servlet-api/3.0.1/javax.servlet-api-3.0.1.jar
Downloading from openmrs-repo: https://mavenrepo.openmrs.org/public/org/hamcrest/hamcrest-all/1.3/hamcrest-all-1.3.jar
Downloaded from openmrs-repo: https://mavenrepo.openmrs.org/public/javax/servlet/javax.servlet-api/3.0.1/javax.servlet-api-3.0.1.jar (85 kB at 227 kB/s)
Downloaded from openmrs-repo: https://mavenrepo.openmrs.org/public/org/hamcrest/hamcrest-all/1.3/hamcrest-all-1.3.jar (307 kB at 250 kB/s)
[INFO] 
[INFO] --- maven-clean-plugin:2.5:clean (default-clean) @ teleconsultation-omod ---
[INFO] 
[INFO] --- maven-openmrs-plugin:1.0.1:initialize-module (init) @ teleconsultation-omod ---
[INFO] 
[INFO] --- jacoco-maven-plugin:0.7.9:prepare-agent (default) @ teleconsultation-omod ---
[INFO] argLine set to -javaagent:/home/ubuntu/.m2/repository/org/jacoco/org.jacoco.agent/0.7.9/org.jacoco.agent-0.7.9-runtime.jar=destfile=/home/ubuntu/code/openmrs-module-teleconsultation/omod/target/jacoco.exec,includes=org/bahmni/module/teleconsultation/web/**
[INFO] 
[INFO] --- maven-dependency-plugin:2.4:unpack-dependencies (Expand moduleApplicationContext and messages) @ teleconsultation-omod ---
[INFO] Unpacking /home/ubuntu/code/openmrs-module-teleconsultation/api/target/teleconsultation-api-2.1.0-SNAPSHOT.jar to /home/ubuntu/code/openmrs-module-teleconsultation/omod/target/classes with includes "**/*" and excludes ""
[INFO] 
[INFO] --- maven-resources-plugin:2.6:resources (default-resources) @ teleconsultation-omod ---
[WARNING] File encoding has not been set, using platform encoding UTF-8, i.e. build is platform dependent!
[WARNING] Using platform encoding (UTF-8 actually) to copy filtered resources, i.e. build is platform dependent!
[INFO] Copying 2 resources
[INFO] Copying 0 resource
[INFO] 
[INFO] --- maven-compiler-plugin:3.1:compile (default-compile) @ teleconsultation-omod ---
[INFO] Changes detected - recompiling the module!
[WARNING] File encoding has not been set, using platform encoding UTF-8, i.e. build is platform dependent!
[INFO] Compiling 1 source file to /home/ubuntu/code/openmrs-module-teleconsultation/omod/target/classes
[INFO] 
[INFO] --- maven-resources-plugin:2.6:testResources (default-testResources) @ teleconsultation-omod ---
[WARNING] File encoding has not been set, using platform encoding UTF-8, i.e. build is platform dependent!
[WARNING] Using platform encoding (UTF-8 actually) to copy filtered resources, i.e. build is platform dependent!
[INFO] skip non existing resourceDirectory /home/ubuntu/code/openmrs-module-teleconsultation/omod/src/test/resources
[INFO] skip non existing resourceDirectory /home/ubuntu/code/openmrs-module-teleconsultation/omod/src/test/resources
[INFO] 
[INFO] --- maven-compiler-plugin:3.1:testCompile (default-testCompile) @ teleconsultation-omod ---
[INFO] Changes detected - recompiling the module!
[WARNING] File encoding has not been set, using platform encoding UTF-8, i.e. build is platform dependent!
[INFO] Compiling 1 source file to /home/ubuntu/code/openmrs-module-teleconsultation/omod/target/test-classes
[WARNING] /home/ubuntu/code/openmrs-module-teleconsultation/omod/src/test/java/org/bahmni/module/teleconsultation/web/controller/TeleconsultationControllerTest.java: /home/ubuntu/code/openmrs-module-teleconsultation/omod/src/test/java/org/bahmni/module/teleconsultation/web/controller/TeleconsultationControllerTest.java uses or overrides a deprecated API.
[WARNING] /home/ubuntu/code/openmrs-module-teleconsultation/omod/src/test/java/org/bahmni/module/teleconsultation/web/controller/TeleconsultationControllerTest.java: Recompile with -Xlint:deprecation for details.
[INFO] 
[INFO] --- maven-surefire-plugin:2.10:test (default-test) @ teleconsultation-omod ---
[INFO] Surefire report directory: /home/ubuntu/code/openmrs-module-teleconsultation/omod/target/surefire-reports

-------------------------------------------------------
 T E S T S
-------------------------------------------------------
Exception in thread "main" java.lang.reflect.InvocationTargetException
	at java.base/jdk.internal.reflect.NativeMethodAccessorImpl.invoke0(Native Method)
	at java.base/jdk.internal.reflect.NativeMethodAccessorImpl.invoke(NativeMethodAccessorImpl.java:62)
	at java.base/jdk.internal.reflect.DelegatingMethodAccessorImpl.invoke(DelegatingMethodAccessorImpl.java:43)
	at java.base/java.lang.reflect.Method.invoke(Method.java:566)
	at java.instrument/sun.instrument.InstrumentationImpl.loadClassAndStartAgent(InstrumentationImpl.java:513)
	at java.instrument/sun.instrument.InstrumentationImpl.loadClassAndCallPremain(InstrumentationImpl.java:525)
Caused by: java.lang.RuntimeException: Class java/util/UUID could not be instrumented.
	at org.jacoco.agent.rt.internal_8ff85ea.core.runtime.ModifiedSystemClassRuntime.createFor(ModifiedSystemClassRuntime.java:140)
	at org.jacoco.agent.rt.internal_8ff85ea.core.runtime.ModifiedSystemClassRuntime.createFor(ModifiedSystemClassRuntime.java:101)
	at org.jacoco.agent.rt.internal_8ff85ea.PreMain.createRuntime(PreMain.java:55)
	at org.jacoco.agent.rt.internal_8ff85ea.PreMain.premain(PreMain.java:47)
	... 6 more
Caused by: java.lang.NoSuchFieldException: $jacocoAccess
	at java.base/java.lang.Class.getField(Class.java:1999)
	at org.jacoco.agent.rt.internal_8ff85ea.core.runtime.ModifiedSystemClassRuntime.createFor(ModifiedSystemClassRuntime.java:138)
	... 9 more
*** java.lang.instrument ASSERTION FAILED ***: "result" with message agent load/premain call failed at ./src/java.instrument/share/native/libinstrument/JPLISAgent.c line: 422
FATAL ERROR in native method: processing of -javaagent failed, processJavaStart failed
Native frames: (J=compiled Java code, A=aot compiled Java code, j=interpreted, Vv=VM code, C=native code)
V  [libjvm.so+0x8ece74]  jni_FatalError+0xf4
V  [libjvm.so+0xa1472a]  JvmtiExport::post_vm_initialized()+0x2da
V  [libjvm.so+0xe4ed51]  Threads::create_vm(JavaVMInitArgs*, bool*)+0x9d1
V  [libjvm.so+0x8fbcb6]  JNI_CreateJavaVM+0x56
C  [libjli.so+0x4d11]  JavaMain+0x91
C  [libjli.so+0x99bd]  ThreadJavaMain+0xd
Aborted (core dumped)

Results :

Tests run: 0, Failures: 0, Errors: 0, Skipped: 0

[INFO] 
[INFO] --- maven-jar-plugin:2.4:jar (default-jar) @ teleconsultation-omod ---
[INFO] Building jar: /home/ubuntu/code/openmrs-module-teleconsultation/omod/target/teleconsultation-2.1.0-SNAPSHOT.jar
[INFO] 
[INFO] --- maven-openmrs-plugin:1.0.1:package-module (pack) @ teleconsultation-omod ---
[INFO] Packaging OpenMRS module
[INFO] Building jar: /home/ubuntu/code/openmrs-module-teleconsultation/omod/target/teleconsultation-2.1.0-SNAPSHOT.omod
[INFO] 
[INFO] --- maven-jar-plugin:2.4:test-jar (default) @ teleconsultation-omod ---
[INFO] Building jar: /home/ubuntu/code/openmrs-module-teleconsultation/omod/target/teleconsultation-2.1.0-SNAPSHOT-tests.jar
[INFO] ------------------------------------------------------------------------
[INFO] Reactor Summary for Teleconsultation 2.1.0-SNAPSHOT:
[INFO] 
[INFO] Teleconsultation ................................... SUCCESS [  0.061 s]
[INFO] Teleconsultation API ............................... SUCCESS [  2.950 s]
[INFO] Teleconsultation OMOD .............................. SUCCESS [  4.248 s]
[INFO] ------------------------------------------------------------------------
[INFO] BUILD SUCCESS
[INFO] ------------------------------------------------------------------------
[INFO] Total time:  7.639 s
[INFO] Finished at: 2025-08-02T12:30:30Z
[INFO] ------------------------------------------------------------------------
ubuntu@ip-10-0-22-13:~/code/openmrs-module-teleconsultation$ 
