ubuntu@ip-10-0-22-13:~/code/openmrs-module-teleconsultation$ mvn clean install
[INFO] Scanning for projects...
Downloading from openmrs-repo: https://mavenrepo.openmrs.org/public/org/sonatype/central/central-publishing-maven-plugin/0.7.0/central-publishing-maven-plugin-0.7.0.pom
Downloaded from openmrs-repo: https://mavenrepo.openmrs.org/public/org/sonatype/central/central-publishing-maven-plugin/0.7.0/central-publishing-maven-plugin-0.7.0.pom (17 kB at 22 kB/s)
Downloading from openmrs-repo: https://mavenrepo.openmrs.org/public/org/sonatype/buildsupport/buildsupport/32/buildsupport-32.pom
Downloaded from openmrs-repo: https://mavenrepo.openmrs.org/public/org/sonatype/buildsupport/buildsupport/32/buildsupport-32.pom (36 kB at 121 kB/s)
Downloading from openmrs-repo: https://mavenrepo.openmrs.org/public/com/github/package-url/packageurl-java/1.4.1/packageurl-java-1.4.1.pom
Downloaded from openmrs-repo: https://mavenrepo.openmrs.org/public/com/github/package-url/packageurl-java/1.4.1/packageurl-java-1.4.1.pom (12 kB at 55 kB/s)
Downloading from openmrs-repo: https://mavenrepo.openmrs.org/public/com/google/guava/guava/32.1.0-jre/guava-32.1.0-jre.pom
Downloaded from openmrs-repo: https://mavenrepo.openmrs.org/public/com/google/guava/guava/32.1.0-jre/guava-32.1.0-jre.pom (13 kB at 58 kB/s)
Downloading from openmrs-repo: https://mavenrepo.openmrs.org/public/com/google/guava/guava-parent/32.1.0-jre/guava-parent-32.1.0-jre.pom
Downloaded from openmrs-repo: https://mavenrepo.openmrs.org/public/com/google/guava/guava-parent/32.1.0-jre/guava-parent-32.1.0-jre.pom (22 kB at 101 kB/s)
Downloading from openmrs-repo: https://mavenrepo.openmrs.org/public/org/checkerframework/checker-qual/3.33.0/checker-qual-3.33.0.pom
Downloaded from openmrs-repo: https://mavenrepo.openmrs.org/public/org/checkerframework/checker-qual/3.33.0/checker-qual-3.33.0.pom (2.1 kB at 9.8 kB/s)
Downloading from openmrs-repo: https://mavenrepo.openmrs.org/public/com/google/errorprone/error_prone_annotations/2.18.0/error_prone_annotations-2.18.0.pom
Downloaded from openmrs-repo: https://mavenrepo.openmrs.org/public/com/google/errorprone/error_prone_annotations/2.18.0/error_prone_annotations-2.18.0.pom (2.2 kB at 9.0 kB/s)
Downloading from openmrs-repo: https://mavenrepo.openmrs.org/public/com/google/errorprone/error_prone_parent/2.18.0/error_prone_parent-2.18.0.pom
Downloaded from openmrs-repo: https://mavenrepo.openmrs.org/public/com/google/errorprone/error_prone_parent/2.18.0/error_prone_parent-2.18.0.pom (11 kB at 53 kB/s)
Downloading from openmrs-repo: https://mavenrepo.openmrs.org/public/com/google/j2objc/j2objc-annotations/2.8/j2objc-annotations-2.8.pom
Downloaded from openmrs-repo: https://mavenrepo.openmrs.org/public/com/google/j2objc/j2objc-annotations/2.8/j2objc-annotations-2.8.pom (2.9 kB at 14 kB/s)
Downloading from openmrs-repo: https://mavenrepo.openmrs.org/public/com/fasterxml/jackson/core/jackson-databind/2.16.1/jackson-databind-2.16.1.pom
Downloaded from openmrs-repo: https://mavenrepo.openmrs.org/public/com/fasterxml/jackson/core/jackson-databind/2.16.1/jackson-databind-2.16.1.pom (22 kB at 52 kB/s)
Downloading from openmrs-repo: https://mavenrepo.openmrs.org/public/com/fasterxml/jackson/jackson-base/2.16.1/jackson-base-2.16.1.pom
Downloaded from openmrs-repo: https://mavenrepo.openmrs.org/public/com/fasterxml/jackson/jackson-base/2.16.1/jackson-base-2.16.1.pom (11 kB at 53 kB/s)
Downloading from openmrs-repo: https://mavenrepo.openmrs.org/public/com/fasterxml/jackson/jackson-bom/2.16.1/jackson-bom-2.16.1.pom
Downloaded from openmrs-repo: https://mavenrepo.openmrs.org/public/com/fasterxml/jackson/jackson-bom/2.16.1/jackson-bom-2.16.1.pom (18 kB at 88 kB/s)
Downloading from openmrs-repo: https://mavenrepo.openmrs.org/public/com/fasterxml/jackson/core/jackson-annotations/2.16.1/jackson-annotations-2.16.1.pom
Downloaded from openmrs-repo: https://mavenrepo.openmrs.org/public/com/fasterxml/jackson/core/jackson-annotations/2.16.1/jackson-annotations-2.16.1.pom (6.9 kB at 20 kB/s)
Downloading from openmrs-repo: https://mavenrepo.openmrs.org/public/com/fasterxml/jackson/core/jackson-core/2.16.1/jackson-core-2.16.1.pom
Downloaded from openmrs-repo: https://mavenrepo.openmrs.org/public/com/fasterxml/jackson/core/jackson-core/2.16.1/jackson-core-2.16.1.pom (9.9 kB at 29 kB/s)
Downloading from openmrs-repo: https://mavenrepo.openmrs.org/public/org/apache/httpcomponents/client5/httpclient5/5.3.1/httpclient5-5.3.1.pom
Downloaded from openmrs-repo: https://mavenrepo.openmrs.org/public/org/apache/httpcomponents/client5/httpclient5/5.3.1/httpclient5-5.3.1.pom (6.0 kB at 28 kB/s)
Downloading from openmrs-repo: https://mavenrepo.openmrs.org/public/org/apache/httpcomponents/client5/httpclient5-parent/5.3.1/httpclient5-parent-5.3.1.pom
Downloaded from openmrs-repo: https://mavenrepo.openmrs.org/public/org/apache/httpcomponents/client5/httpclient5-parent/5.3.1/httpclient5-parent-5.3.1.pom (17 kB at 78 kB/s)
Downloading from openmrs-repo: https://mavenrepo.openmrs.org/public/org/apache/httpcomponents/httpcomponents-parent/13/httpcomponents-parent-13.pom
Downloaded from openmrs-repo: https://mavenrepo.openmrs.org/public/org/apache/httpcomponents/httpcomponents-parent/13/httpcomponents-parent-13.pom (30 kB at 144 kB/s)
Downloading from openmrs-repo: https://mavenrepo.openmrs.org/public/org/apache/httpcomponents/core5/httpcore5/5.2.4/httpcore5-5.2.4.pom
Downloaded from openmrs-repo: https://mavenrepo.openmrs.org/public/org/apache/httpcomponents/core5/httpcore5/5.2.4/httpcore5-5.2.4.pom (3.9 kB at 19 kB/s)
Downloading from openmrs-repo: https://mavenrepo.openmrs.org/public/org/apache/httpcomponents/core5/httpcore5-parent/5.2.4/httpcore5-parent-5.2.4.pom
Downloaded from openmrs-repo: https://mavenrepo.openmrs.org/public/org/apache/httpcomponents/core5/httpcore5-parent/5.2.4/httpcore5-parent-5.2.4.pom (14 kB at 64 kB/s)
Downloading from openmrs-repo: https://mavenrepo.openmrs.org/public/org/apache/httpcomponents/core5/httpcore5-h2/5.2.4/httpcore5-h2-5.2.4.pom
Downloaded from openmrs-repo: https://mavenrepo.openmrs.org/public/org/apache/httpcomponents/core5/httpcore5-h2/5.2.4/httpcore5-h2-5.2.4.pom (3.6 kB at 17 kB/s)
Downloading from openmrs-repo: https://mavenrepo.openmrs.org/public/org/sonatype/central/central-publishing-maven-plugin/0.7.0/central-publishing-maven-plugin-0.7.0.jar
Downloading from openmrs-repo: https://mavenrepo.openmrs.org/public/com/google/errorprone/error_prone_annotations/2.18.0/error_prone_annotations-2.18.0.jar
Downloading from openmrs-repo: https://mavenrepo.openmrs.org/public/org/checkerframework/checker-qual/3.33.0/checker-qual-3.33.0.jar
Downloading from openmrs-repo: https://mavenrepo.openmrs.org/public/com/google/guava/guava/32.1.0-jre/guava-32.1.0-jre.jar
Downloading from openmrs-repo: https://mavenrepo.openmrs.org/public/com/github/package-url/packageurl-java/1.4.1/packageurl-java-1.4.1.jar
Downloaded from openmrs-repo: https://mavenrepo.openmrs.org/public/org/sonatype/central/central-publishing-maven-plugin/0.7.0/central-publishing-maven-plugin-0.7.0.jar (111 kB at 367 kB/s)
Downloading from openmrs-repo: https://mavenrepo.openmrs.org/public/com/google/j2objc/j2objc-annotations/2.8/j2objc-annotations-2.8.jar
Downloaded from openmrs-repo: https://mavenrepo.openmrs.org/public/com/google/j2objc/j2objc-annotations/2.8/j2objc-annotations-2.8.jar (9.3 kB at 18 kB/s)
Downloading from openmrs-repo: https://mavenrepo.openmrs.org/public/com/fasterxml/jackson/core/jackson-databind/2.16.1/jackson-databind-2.16.1.jar
Downloaded from openmrs-repo: https://mavenrepo.openmrs.org/public/com/google/errorprone/error_prone_annotations/2.18.0/error_prone_annotations-2.18.0.jar (16 kB at 29 kB/s)
Downloading from openmrs-repo: https://mavenrepo.openmrs.org/public/com/fasterxml/jackson/core/jackson-annotations/2.16.1/jackson-annotations-2.16.1.jar
Downloaded from openmrs-repo: https://mavenrepo.openmrs.org/public/com/github/package-url/packageurl-java/1.4.1/packageurl-java-1.4.1.jar (16 kB at 24 kB/s)
Downloading from openmrs-repo: https://mavenrepo.openmrs.org/public/com/fasterxml/jackson/core/jackson-core/2.16.1/jackson-core-2.16.1.jar
Downloaded from openmrs-repo: https://mavenrepo.openmrs.org/public/com/fasterxml/jackson/core/jackson-annotations/2.16.1/jackson-annotations-2.16.1.jar (78 kB at 93 kB/s)
Downloading from openmrs-repo: https://mavenrepo.openmrs.org/public/org/apache/httpcomponents/client5/httpclient5/5.3.1/httpclient5-5.3.1.jar
Downloaded from openmrs-repo: https://mavenrepo.openmrs.org/public/org/checkerframework/checker-qual/3.33.0/checker-qual-3.33.0.jar (224 kB at 197 kB/s)
Downloading from openmrs-repo: https://mavenrepo.openmrs.org/public/org/apache/httpcomponents/core5/httpcore5/5.2.4/httpcore5-5.2.4.jar
Downloaded from openmrs-repo: https://mavenrepo.openmrs.org/public/com/google/guava/guava/32.1.0-jre/guava-32.1.0-jre.jar (3.0 MB at 2.0 MB/s)
Downloading from openmrs-repo: https://mavenrepo.openmrs.org/public/org/apache/httpcomponents/core5/httpcore5-h2/5.2.4/httpcore5-h2-5.2.4.jar
Downloaded from openmrs-repo: https://mavenrepo.openmrs.org/public/com/fasterxml/jackson/core/jackson-core/2.16.1/jackson-core-2.16.1.jar (578 kB at 367 kB/s)
Downloaded from openmrs-repo: https://mavenrepo.openmrs.org/public/com/fasterxml/jackson/core/jackson-databind/2.16.1/jackson-databind-2.16.1.jar (1.6 MB at 1.0 MB/s)
Downloaded from openmrs-repo: https://mavenrepo.openmrs.org/public/org/apache/httpcomponents/core5/httpcore5/5.2.4/httpcore5-5.2.4.jar (855 kB at 510 kB/s)
Downloaded from openmrs-repo: https://mavenrepo.openmrs.org/public/org/apache/httpcomponents/client5/httpclient5/5.3.1/httpclient5-5.3.1.jar (862 kB at 480 kB/s)
Downloaded from openmrs-repo: https://mavenrepo.openmrs.org/public/org/apache/httpcomponents/core5/httpcore5-h2/5.2.4/httpcore5-h2-5.2.4.jar (237 kB at 123 kB/s)
[WARNING] 
[WARNING] Some problems were encountered while building the effective model for org.bahmni.module:teleconsultation-omod:jar:2.1.0-SNAPSHOT
[WARNING] 'build.plugins.plugin.(groupId:artifactId)' must be unique but found duplicate declaration of plugin org.jacoco:jacoco-maven-plugin @ line 139, column 21
[WARNING] 
[WARNING] It is highly recommended to fix these problems because they threaten the stability of your build.
[WARNING] 
[WARNING] For this reason, future Maven versions might no longer support building such malformed projects.
[WARNING] 
[INFO] Inspecting build with total of 3 modules
[INFO] Installing Central Publishing features
[INFO] ------------------------------------------------------------------------
[INFO] Reactor Build Order:
[INFO] 
[INFO] Teleconsultation                                                   [pom]
[INFO] Teleconsultation API                                               [jar]
[INFO] Teleconsultation OMOD                                              [jar]
[INFO] 
[INFO] -----------------< org.bahmni.module:teleconsultation >-----------------
[INFO] Building Teleconsultation 2.1.0-SNAPSHOT                           [1/3]
[INFO] --------------------------------[ pom ]---------------------------------
[INFO] 
[INFO] --- maven-clean-plugin:2.5:clean (default-clean) @ teleconsultation ---
[INFO] 
[INFO] --- maven-install-plugin:2.4:install (default-install) @ teleconsultation ---
[INFO] Installing /home/ubuntu/code/openmrs-module-teleconsultation/pom.xml to /home/ubuntu/.m2/repository/org/bahmni/module/teleconsultation/2.1.0-SNAPSHOT/teleconsultation-2.1.0-SNAPSHOT.pom
[INFO] 
[INFO] ---------------< org.bahmni.module:teleconsultation-api >---------------
[INFO] Building Teleconsultation API 2.1.0-SNAPSHOT                       [2/3]
[INFO] --------------------------------[ jar ]---------------------------------
Downloading from openmrs-repo: https://mavenrepo.openmrs.org/public/org/jacoco/jacoco-maven-plugin/0.7.9/jacoco-maven-plugin-0.7.9.pom
Downloaded from openmrs-repo: https://mavenrepo.openmrs.org/public/org/jacoco/jacoco-maven-plugin/0.7.9/jacoco-maven-plugin-0.7.9.pom (4.5 kB at 21 kB/s)
Downloading from openmrs-repo: https://mavenrepo.openmrs.org/public/org/jacoco/org.jacoco.build/0.7.9/org.jacoco.build-0.7.9.pom
Downloaded from openmrs-repo: https://mavenrepo.openmrs.org/public/org/jacoco/org.jacoco.build/0.7.9/org.jacoco.build-0.7.9.pom (35 kB at 118 kB/s)
Downloading from openmrs-repo: https://mavenrepo.openmrs.org/public/org/jacoco/jacoco-maven-plugin/0.7.9/jacoco-maven-plugin-0.7.9.jar
Downloaded from openmrs-repo: https://mavenrepo.openmrs.org/public/org/jacoco/jacoco-maven-plugin/0.7.9/jacoco-maven-plugin-0.7.9.jar (47 kB at 161 kB/s)
Downloading from openmrs-repo: https://mavenrepo.openmrs.org/public/org/apache/maven/plugins/maven-surefire-plugin/2.10/maven-surefire-plugin-2.10.pom
Downloaded from openmrs-repo: https://mavenrepo.openmrs.org/public/org/apache/maven/plugins/maven-surefire-plugin/2.10/maven-surefire-plugin-2.10.pom (11 kB at 51 kB/s)
Downloading from openmrs-repo: https://mavenrepo.openmrs.org/public/org/apache/maven/surefire/surefire/2.10/surefire-2.10.pom
Downloaded from openmrs-repo: https://mavenrepo.openmrs.org/public/org/apache/maven/surefire/surefire/2.10/surefire-2.10.pom (12 kB at 56 kB/s)
Downloading from openmrs-repo: https://mavenrepo.openmrs.org/public/org/apache/maven/plugins/maven-surefire-plugin/2.10/maven-surefire-plugin-2.10.jar
Downloaded from openmrs-repo: https://mavenrepo.openmrs.org/public/org/apache/maven/plugins/maven-surefire-plugin/2.10/maven-surefire-plugin-2.10.jar (30 kB at 142 kB/s)
Downloading from openmrs-repo: https://mavenrepo.openmrs.org/public/org/openmrs/module/webservices.rest-omod-common/2.33.0/webservices.rest-omod-common-2.33.0.pom
Downloaded from openmrs-repo: https://mavenrepo.openmrs.org/public/org/openmrs/module/webservices.rest-omod-common/2.33.0/webservices.rest-omod-common-2.33.0.pom (2.8 kB at 14 kB/s)
Downloading from openmrs-repo: https://mavenrepo.openmrs.org/public/org/openmrs/module/webservices.rest/2.33.0/webservices.rest-2.33.0.pom
Downloaded from openmrs-repo: https://mavenrepo.openmrs.org/public/org/openmrs/module/webservices.rest/2.33.0/webservices.rest-2.33.0.pom (16 kB at 75 kB/s)
Downloading from openmrs-repo: https://mavenrepo.openmrs.org/public/org/openmrs/web/openmrs-web/2.4.2/openmrs-web-2.4.2.pom
Downloaded from openmrs-repo: https://mavenrepo.openmrs.org/public/org/openmrs/web/openmrs-web/2.4.2/openmrs-web-2.4.2.pom (6.3 kB at 30 kB/s)
Downloading from openmrs-repo: https://mavenrepo.openmrs.org/public/org/openmrs/openmrs/2.4.2/openmrs-2.4.2.pom
Downloaded from openmrs-repo: https://mavenrepo.openmrs.org/public/org/openmrs/openmrs/2.4.2/openmrs-2.4.2.pom (37 kB at 177 kB/s)
Downloading from openmrs-repo: https://mavenrepo.openmrs.org/public/org/openmrs/api/openmrs-api/2.4.2/openmrs-api-2.4.2.pom
Downloaded from openmrs-repo: https://mavenrepo.openmrs.org/public/org/openmrs/api/openmrs-api/2.4.2/openmrs-api-2.4.2.pom (13 kB at 62 kB/s)
Downloading from openmrs-repo: https://mavenrepo.openmrs.org/public/org/apache/logging/log4j/log4j-core/2.15.0/log4j-core-2.15.0.pom
Downloaded from openmrs-repo: https://mavenrepo.openmrs.org/public/org/apache/logging/log4j/log4j-core/2.15.0/log4j-core-2.15.0.pom (24 kB at 109 kB/s)
Downloading from openmrs-repo: https://mavenrepo.openmrs.org/public/org/apache/logging/log4j/log4j/2.15.0/log4j-2.15.0.pom
Downloaded from openmrs-repo: https://mavenrepo.openmrs.org/public/org/apache/logging/log4j/log4j/2.15.0/log4j-2.15.0.pom (70 kB at 137 kB/s)
Downloading from openmrs-repo: https://mavenrepo.openmrs.org/public/org/apache/logging/log4j/log4j-api/2.15.0/log4j-api-2.15.0.pom
Downloaded from openmrs-repo: https://mavenrepo.openmrs.org/public/org/apache/logging/log4j/log4j-api/2.15.0/log4j-api-2.15.0.pom (14 kB at 67 kB/s)
Downloading from openmrs-repo: https://mavenrepo.openmrs.org/public/org/apache/logging/log4j/log4j-slf4j-impl/2.15.0/log4j-slf4j-impl-2.15.0.pom
Downloaded from openmrs-repo: https://mavenrepo.openmrs.org/public/org/apache/logging/log4j/log4j-slf4j-impl/2.15.0/log4j-slf4j-impl-2.15.0.pom (12 kB at 55 kB/s)
Downloading from openmrs-repo: https://mavenrepo.openmrs.org/public/org/apache/logging/log4j/log4j-1.2-api/2.15.0/log4j-1.2-api-2.15.0.pom
Downloaded from openmrs-repo: https://mavenrepo.openmrs.org/public/org/apache/logging/log4j/log4j-1.2-api/2.15.0/log4j-1.2-api-2.15.0.pom (8.0 kB at 38 kB/s)
Downloading from openmrs-repo: https://mavenrepo.openmrs.org/public/org/openmrs/test/openmrs-test/2.4.2/openmrs-test-2.4.2.pom
Downloaded from openmrs-repo: https://mavenrepo.openmrs.org/public/org/openmrs/test/openmrs-test/2.4.2/openmrs-test-2.4.2.pom (2.9 kB at 14 kB/s)
Downloading from openmrs-repo: https://mavenrepo.openmrs.org/public/org/openmrs/module/webservices.rest-omod-common/2.33.0/webservices.rest-omod-common-2.33.0.jar
Downloading from openmrs-repo: https://mavenrepo.openmrs.org/public/org/openmrs/web/openmrs-web/2.4.2/openmrs-web-2.4.2.jar
Downloading from openmrs-repo: https://mavenrepo.openmrs.org/public/org/openmrs/api/openmrs-api/2.4.2/openmrs-api-2.4.2.jar
Downloading from openmrs-repo: https://mavenrepo.openmrs.org/public/org/apache/logging/log4j/log4j-core/2.15.0/log4j-core-2.15.0.jar
Downloading from openmrs-repo: https://mavenrepo.openmrs.org/public/org/apache/logging/log4j/log4j-api/2.15.0/log4j-api-2.15.0.jar
Downloaded from openmrs-repo: https://mavenrepo.openmrs.org/public/org/openmrs/module/webservices.rest-omod-common/2.33.0/webservices.rest-omod-common-2.33.0.jar (205 kB at 551 kB/s)
Downloading from openmrs-repo: https://mavenrepo.openmrs.org/public/org/apache/logging/log4j/log4j-slf4j-impl/2.15.0/log4j-slf4j-impl-2.15.0.jar
Downloaded from openmrs-repo: https://mavenrepo.openmrs.org/public/org/apache/logging/log4j/log4j-api/2.15.0/log4j-api-2.15.0.jar (302 kB at 766 kB/s)
Downloading from openmrs-repo: https://mavenrepo.openmrs.org/public/org/apache/logging/log4j/log4j-1.2-api/2.15.0/log4j-1.2-api-2.15.0.jar
Downloaded from openmrs-repo: https://mavenrepo.openmrs.org/public/org/openmrs/web/openmrs-web/2.4.2/openmrs-web-2.4.2.jar (161 kB at 361 kB/s)
Downloading from openmrs-repo: https://mavenrepo.openmrs.org/public/net/bytebuddy/byte-buddy/1.10.13/byte-buddy-1.10.13.jar
Downloaded from openmrs-repo: https://mavenrepo.openmrs.org/public/org/apache/logging/log4j/log4j-core/2.15.0/log4j-core-2.15.0.jar (1.8 MB at 3.6 MB/s)
Downloading from openmrs-repo: https://mavenrepo.openmrs.org/public/org/openmrs/api/openmrs-api/2.4.2/openmrs-api-2.4.2-tests.jar
Downloaded from openmrs-repo: https://mavenrepo.openmrs.org/public/org/openmrs/api/openmrs-api/2.4.2/openmrs-api-2.4.2.jar (2.8 MB at 5.4 MB/s)
Downloading from openmrs-repo: https://mavenrepo.openmrs.org/public/org/openmrs/web/openmrs-web/2.4.2/openmrs-web-2.4.2-tests.jar
Downloaded from openmrs-repo: https://mavenrepo.openmrs.org/public/org/apache/logging/log4j/log4j-slf4j-impl/2.15.0/log4j-slf4j-impl-2.15.0.jar (24 kB at 37 kB/s)
Downloaded from openmrs-repo: https://mavenrepo.openmrs.org/public/org/openmrs/web/openmrs-web/2.4.2/openmrs-web-2.4.2-tests.jar (34 kB at 47 kB/s)
Downloaded from openmrs-repo: https://mavenrepo.openmrs.org/public/org/apache/logging/log4j/log4j-1.2-api/2.15.0/log4j-1.2-api-2.15.0.jar (208 kB at 275 kB/s)
Downloaded from openmrs-repo: https://mavenrepo.openmrs.org/public/net/bytebuddy/byte-buddy/1.10.13/byte-buddy-1.10.13.jar (3.5 MB at 3.9 MB/s)
Downloaded from openmrs-repo: https://mavenrepo.openmrs.org/public/org/openmrs/api/openmrs-api/2.4.2/openmrs-api-2.4.2-tests.jar (2.5 MB at 2.6 MB/s)
[INFO] 
[INFO] --- maven-clean-plugin:2.5:clean (default-clean) @ teleconsultation-api ---
[INFO] 
[INFO] --- jacoco-maven-plugin:0.7.9:prepare-agent (default) @ teleconsultation-api ---
Downloading from openmrs-repo: https://mavenrepo.openmrs.org/public/junit/junit/4.8.2/junit-4.8.2.pom
Downloaded from openmrs-repo: https://mavenrepo.openmrs.org/public/junit/junit/4.8.2/junit-4.8.2.pom (1.5 kB at 7.0 kB/s)
Downloading from openmrs-repo: https://mavenrepo.openmrs.org/public/org/apache/maven/reporting/maven-reporting-api/2.2.1/maven-reporting-api-2.2.1.pom
Downloaded from openmrs-repo: https://mavenrepo.openmrs.org/public/org/apache/maven/reporting/maven-reporting-api/2.2.1/maven-reporting-api-2.2.1.pom (1.9 kB at 8.8 kB/s)
Downloading from openmrs-repo: https://mavenrepo.openmrs.org/public/org/apache/maven/reporting/maven-reporting/2.2.1/maven-reporting-2.2.1.pom
Downloaded from openmrs-repo: https://mavenrepo.openmrs.org/public/org/apache/maven/reporting/maven-reporting/2.2.1/maven-reporting-2.2.1.pom (1.4 kB at 6.9 kB/s)
Downloading from openmrs-repo: https://mavenrepo.openmrs.org/public/org/apache/maven/doxia/doxia-sink-api/1.1/doxia-sink-api-1.1.pom
Downloaded from openmrs-repo: https://mavenrepo.openmrs.org/public/org/apache/maven/doxia/doxia-sink-api/1.1/doxia-sink-api-1.1.pom (2.0 kB at 9.8 kB/s)
Downloading from openmrs-repo: https://mavenrepo.openmrs.org/public/org/apache/maven/doxia/doxia/1.1/doxia-1.1.pom
Downloaded from openmrs-repo: https://mavenrepo.openmrs.org/public/org/apache/maven/doxia/doxia/1.1/doxia-1.1.pom (15 kB at 72 kB/s)
Downloading from openmrs-repo: https://mavenrepo.openmrs.org/public/org/apache/maven/doxia/doxia-logging-api/1.1/doxia-logging-api-1.1.pom
Downloaded from openmrs-repo: https://mavenrepo.openmrs.org/public/org/apache/maven/doxia/doxia-logging-api/1.1/doxia-logging-api-1.1.pom (1.6 kB at 7.6 kB/s)
Downloading from openmrs-repo: https://mavenrepo.openmrs.org/public/org/apache/maven/reporting/maven-reporting-impl/2.1/maven-reporting-impl-2.1.pom
Downloaded from openmrs-repo: https://mavenrepo.openmrs.org/public/org/apache/maven/reporting/maven-reporting-impl/2.1/maven-reporting-impl-2.1.pom (4.5 kB at 21 kB/s)
Downloading from openmrs-repo: https://mavenrepo.openmrs.org/public/org/apache/maven/maven-plugin-api/2.0.10/maven-plugin-api-2.0.10.pom
Downloaded from openmrs-repo: https://mavenrepo.openmrs.org/public/org/apache/maven/maven-plugin-api/2.0.10/maven-plugin-api-2.0.10.pom (1.5 kB at 7.2 kB/s)
Downloading from openmrs-repo: https://mavenrepo.openmrs.org/public/org/apache/maven/doxia/doxia-sink-api/1.1.2/doxia-sink-api-1.1.2.pom
Downloaded from openmrs-repo: https://mavenrepo.openmrs.org/public/org/apache/maven/doxia/doxia-sink-api/1.1.2/doxia-sink-api-1.1.2.pom (1.6 kB at 7.6 kB/s)
Downloading from openmrs-repo: https://mavenrepo.openmrs.org/public/org/apache/maven/doxia/doxia/1.1.2/doxia-1.1.2.pom
Downloaded from openmrs-repo: https://mavenrepo.openmrs.org/public/org/apache/maven/doxia/doxia/1.1.2/doxia-1.1.2.pom (18 kB at 84 kB/s)
Downloading from openmrs-repo: https://mavenrepo.openmrs.org/public/org/apache/maven/doxia/doxia-logging-api/1.1.2/doxia-logging-api-1.1.2.pom
Downloaded from openmrs-repo: https://mavenrepo.openmrs.org/public/org/apache/maven/doxia/doxia-logging-api/1.1.2/doxia-logging-api-1.1.2.pom (1.6 kB at 7.6 kB/s)
Downloading from openmrs-repo: https://mavenrepo.openmrs.org/public/org/apache/maven/doxia/doxia-core/1.1.2/doxia-core-1.1.2.pom
Downloaded from openmrs-repo: https://mavenrepo.openmrs.org/public/org/apache/maven/doxia/doxia-core/1.1.2/doxia-core-1.1.2.pom (3.7 kB at 18 kB/s)
Downloading from openmrs-repo: https://mavenrepo.openmrs.org/public/org/codehaus/plexus/plexus-utils/1.5.12/plexus-utils-1.5.12.pom
Downloaded from openmrs-repo: https://mavenrepo.openmrs.org/public/org/codehaus/plexus/plexus-utils/1.5.12/plexus-utils-1.5.12.pom (5.6 kB at 27 kB/s)
Downloading from openmrs-repo: https://mavenrepo.openmrs.org/public/xerces/xercesImpl/2.8.1/xercesImpl-2.8.1.pom
Downloaded from openmrs-repo: https://mavenrepo.openmrs.org/public/xerces/xercesImpl/2.8.1/xercesImpl-2.8.1.pom (2.2 kB at 10 kB/s)
Downloading from openmrs-repo: https://mavenrepo.openmrs.org/public/xml-apis/xml-apis/1.3.03/xml-apis-1.3.03.pom
Downloaded from openmrs-repo: https://mavenrepo.openmrs.org/public/xml-apis/xml-apis/1.3.03/xml-apis-1.3.03.pom (738 B at 3.5 kB/s)
Downloading from openmrs-repo: https://mavenrepo.openmrs.org/public/commons-httpclient/commons-httpclient/3.1/commons-httpclient-3.1.pom
Downloaded from openmrs-repo: https://mavenrepo.openmrs.org/public/commons-httpclient/commons-httpclient/3.1/commons-httpclient-3.1.pom (7.8 kB at 37 kB/s)
Downloading from openmrs-repo: https://mavenrepo.openmrs.org/public/commons-codec/commons-codec/1.2/commons-codec-1.2.pom
Downloaded from openmrs-repo: https://mavenrepo.openmrs.org/public/commons-codec/commons-codec/1.2/commons-codec-1.2.pom (3.8 kB at 18 kB/s)
Downloading from openmrs-repo: https://mavenrepo.openmrs.org/public/org/apache/maven/doxia/doxia-site-renderer/1.1.2/doxia-site-renderer-1.1.2.pom
Downloaded from openmrs-repo: https://mavenrepo.openmrs.org/public/org/apache/maven/doxia/doxia-site-renderer/1.1.2/doxia-site-renderer-1.1.2.pom (6.1 kB at 28 kB/s)
Downloading from openmrs-repo: https://mavenrepo.openmrs.org/public/org/apache/maven/doxia/doxia-sitetools/1.1.2/doxia-sitetools-1.1.2.pom
Downloaded from openmrs-repo: https://mavenrepo.openmrs.org/public/org/apache/maven/doxia/doxia-sitetools/1.1.2/doxia-sitetools-1.1.2.pom (15 kB at 73 kB/s)
Downloading from openmrs-repo: https://mavenrepo.openmrs.org/public/org/apache/maven/doxia/doxia-decoration-model/1.1.2/doxia-decoration-model-1.1.2.pom
Downloaded from openmrs-repo: https://mavenrepo.openmrs.org/public/org/apache/maven/doxia/doxia-decoration-model/1.1.2/doxia-decoration-model-1.1.2.pom (3.0 kB at 14 kB/s)
Downloading from openmrs-repo: https://mavenrepo.openmrs.org/public/org/apache/maven/doxia/doxia-module-xhtml/1.1.2/doxia-module-xhtml-1.1.2.pom
Downloaded from openmrs-repo: https://mavenrepo.openmrs.org/public/org/apache/maven/doxia/doxia-module-xhtml/1.1.2/doxia-module-xhtml-1.1.2.pom (1.6 kB at 7.4 kB/s)
Downloading from openmrs-repo: https://mavenrepo.openmrs.org/public/org/apache/maven/doxia/doxia-modules/1.1.2/doxia-modules-1.1.2.pom
Downloaded from openmrs-repo: https://mavenrepo.openmrs.org/public/org/apache/maven/doxia/doxia-modules/1.1.2/doxia-modules-1.1.2.pom (2.4 kB at 11 kB/s)
Downloading from openmrs-repo: https://mavenrepo.openmrs.org/public/org/apache/maven/doxia/doxia-module-fml/1.1.2/doxia-module-fml-1.1.2.pom
Downloaded from openmrs-repo: https://mavenrepo.openmrs.org/public/org/apache/maven/doxia/doxia-module-fml/1.1.2/doxia-module-fml-1.1.2.pom (5.5 kB at 26 kB/s)
Downloading from openmrs-repo: https://mavenrepo.openmrs.org/public/org/jacoco/org.jacoco.agent/0.7.9/org.jacoco.agent-0.7.9.pom
Downloaded from openmrs-repo: https://mavenrepo.openmrs.org/public/org/jacoco/org.jacoco.agent/0.7.9/org.jacoco.agent-0.7.9.pom (3.5 kB at 17 kB/s)
Downloading from openmrs-repo: https://mavenrepo.openmrs.org/public/org/jacoco/org.jacoco.core/0.7.9/org.jacoco.core-0.7.9.pom
Downloaded from openmrs-repo: https://mavenrepo.openmrs.org/public/org/jacoco/org.jacoco.core/0.7.9/org.jacoco.core-0.7.9.pom (1.9 kB at 9.0 kB/s)
Downloading from openmrs-repo: https://mavenrepo.openmrs.org/public/org/ow2/asm/asm-debug-all/5.2/asm-debug-all-5.2.pom
Downloaded from openmrs-repo: https://mavenrepo.openmrs.org/public/org/ow2/asm/asm-debug-all/5.2/asm-debug-all-5.2.pom (2.0 kB at 9.4 kB/s)
Downloading from openmrs-repo: https://mavenrepo.openmrs.org/public/org/ow2/asm/asm-parent/5.2/asm-parent-5.2.pom
Downloaded from openmrs-repo: https://mavenrepo.openmrs.org/public/org/ow2/asm/asm-parent/5.2/asm-parent-5.2.pom (5.5 kB at 25 kB/s)
Downloading from openmrs-repo: https://mavenrepo.openmrs.org/public/org/ow2/ow2/1.3/ow2-1.3.pom
Downloaded from openmrs-repo: https://mavenrepo.openmrs.org/public/org/ow2/ow2/1.3/ow2-1.3.pom (8.9 kB at 41 kB/s)
Downloading from openmrs-repo: https://mavenrepo.openmrs.org/public/org/jacoco/org.jacoco.report/0.7.9/org.jacoco.report-0.7.9.pom
Downloaded from openmrs-repo: https://mavenrepo.openmrs.org/public/org/jacoco/org.jacoco.report/0.7.9/org.jacoco.report-0.7.9.pom (2.0 kB at 9.6 kB/s)
Downloading from openmrs-repo: https://mavenrepo.openmrs.org/public/org/apache/maven/maven-plugin-api/2.2.1/maven-plugin-api-2.2.1.jar
Downloading from openmrs-repo: https://mavenrepo.openmrs.org/public/org/apache/maven/maven-project/2.2.1/maven-project-2.2.1.jar
Downloading from openmrs-repo: https://mavenrepo.openmrs.org/public/org/apache/maven/maven-settings/2.2.1/maven-settings-2.2.1.jar
Downloading from openmrs-repo: https://mavenrepo.openmrs.org/public/org/apache/maven/maven-profile/2.2.1/maven-profile-2.2.1.jar
Downloading from openmrs-repo: https://mavenrepo.openmrs.org/public/org/apache/maven/maven-model/2.2.1/maven-model-2.2.1.jar
Downloaded from openmrs-repo: https://mavenrepo.openmrs.org/public/org/apache/maven/maven-plugin-api/2.2.1/maven-plugin-api-2.2.1.jar (12 kB at 56 kB/s)
Downloading from openmrs-repo: https://mavenrepo.openmrs.org/public/org/apache/maven/maven-artifact-manager/2.2.1/maven-artifact-manager-2.2.1.jar
Downloaded from openmrs-repo: https://mavenrepo.openmrs.org/public/org/apache/maven/maven-profile/2.2.1/maven-profile-2.2.1.jar (35 kB at 111 kB/s)
Downloading from openmrs-repo: https://mavenrepo.openmrs.org/public/org/apache/maven/maven-repository-metadata/2.2.1/maven-repository-metadata-2.2.1.jar
Downloaded from openmrs-repo: https://mavenrepo.openmrs.org/public/org/apache/maven/maven-settings/2.2.1/maven-settings-2.2.1.jar (49 kB at 131 kB/s)
Downloading from openmrs-repo: https://mavenrepo.openmrs.org/public/backport-util-concurrent/backport-util-concurrent/3.1/backport-util-concurrent-3.1.jar
Downloaded from openmrs-repo: https://mavenrepo.openmrs.org/public/org/apache/maven/maven-model/2.2.1/maven-model-2.2.1.jar (88 kB at 229 kB/s)
Downloading from openmrs-repo: https://mavenrepo.openmrs.org/public/org/apache/maven/maven-plugin-registry/2.2.1/maven-plugin-registry-2.2.1.jar
Downloaded from openmrs-repo: https://mavenrepo.openmrs.org/public/org/apache/maven/maven-artifact-manager/2.2.1/maven-artifact-manager-2.2.1.jar (68 kB at 155 kB/s)
Downloading from openmrs-repo: https://mavenrepo.openmrs.org/public/org/codehaus/plexus/plexus-interpolation/1.11/plexus-interpolation-1.11.jar
Downloaded from openmrs-repo: https://mavenrepo.openmrs.org/public/org/apache/maven/maven-project/2.2.1/maven-project-2.2.1.jar (156 kB at 347 kB/s)
Downloading from openmrs-repo: https://mavenrepo.openmrs.org/public/org/apache/maven/maven-artifact/2.2.1/maven-artifact-2.2.1.jar
Downloaded from openmrs-repo: https://mavenrepo.openmrs.org/public/org/apache/maven/maven-repository-metadata/2.2.1/maven-repository-metadata-2.2.1.jar (26 kB at 48 kB/s)
Downloading from openmrs-repo: https://mavenrepo.openmrs.org/public/junit/junit/4.8.2/junit-4.8.2.jar
Downloaded from openmrs-repo: https://mavenrepo.openmrs.org/public/org/apache/maven/maven-plugin-registry/2.2.1/maven-plugin-registry-2.2.1.jar (30 kB at 50 kB/s)
Downloading from openmrs-repo: https://mavenrepo.openmrs.org/public/org/apache/maven/reporting/maven-reporting-api/2.2.1/maven-reporting-api-2.2.1.jar
Downloaded from openmrs-repo: https://mavenrepo.openmrs.org/public/org/codehaus/plexus/plexus-interpolation/1.11/plexus-interpolation-1.11.jar (51 kB at 78 kB/s)
Downloading from openmrs-repo: https://mavenrepo.openmrs.org/public/org/apache/maven/doxia/doxia-sink-api/1.1/doxia-sink-api-1.1.jar
Downloaded from openmrs-repo: https://mavenrepo.openmrs.org/public/org/apache/maven/maven-artifact/2.2.1/maven-artifact-2.2.1.jar (80 kB at 122 kB/s)
Downloading from openmrs-repo: https://mavenrepo.openmrs.org/public/org/apache/maven/doxia/doxia-logging-api/1.1/doxia-logging-api-1.1.jar
Downloaded from openmrs-repo: https://mavenrepo.openmrs.org/public/org/apache/maven/reporting/maven-reporting-api/2.2.1/maven-reporting-api-2.2.1.jar (9.8 kB at 12 kB/s)
Downloading from openmrs-repo: https://mavenrepo.openmrs.org/public/org/apache/maven/reporting/maven-reporting-impl/2.1/maven-reporting-impl-2.1.jar
Downloaded from openmrs-repo: https://mavenrepo.openmrs.org/public/org/apache/maven/doxia/doxia-sink-api/1.1/doxia-sink-api-1.1.jar (13 kB at 15 kB/s)
Downloading from openmrs-repo: https://mavenrepo.openmrs.org/public/org/apache/maven/doxia/doxia-core/1.1.2/doxia-core-1.1.2.jar
Downloaded from openmrs-repo: https://mavenrepo.openmrs.org/public/org/apache/maven/doxia/doxia-logging-api/1.1/doxia-logging-api-1.1.jar (11 kB at 13 kB/s)
Downloading from openmrs-repo: https://mavenrepo.openmrs.org/public/xerces/xercesImpl/2.8.1/xercesImpl-2.8.1.jar
Downloaded from openmrs-repo: https://mavenrepo.openmrs.org/public/org/apache/maven/reporting/maven-reporting-impl/2.1/maven-reporting-impl-2.1.jar (17 kB at 17 kB/s)
Downloading from openmrs-repo: https://mavenrepo.openmrs.org/public/commons-httpclient/commons-httpclient/3.1/commons-httpclient-3.1.jar
Downloaded from openmrs-repo: https://mavenrepo.openmrs.org/public/org/apache/maven/doxia/doxia-core/1.1.2/doxia-core-1.1.2.jar (158 kB at 138 kB/s)
Downloading from openmrs-repo: https://mavenrepo.openmrs.org/public/commons-codec/commons-codec/1.2/commons-codec-1.2.jar
Downloaded from openmrs-repo: https://mavenrepo.openmrs.org/public/backport-util-concurrent/backport-util-concurrent/3.1/backport-util-concurrent-3.1.jar (332 kB at 266 kB/s)
Downloading from openmrs-repo: https://mavenrepo.openmrs.org/public/org/apache/maven/doxia/doxia-site-renderer/1.1.2/doxia-site-renderer-1.1.2.jar
Downloaded from openmrs-repo: https://mavenrepo.openmrs.org/public/junit/junit/4.8.2/junit-4.8.2.jar (237 kB at 184 kB/s)
Downloading from openmrs-repo: https://mavenrepo.openmrs.org/public/org/apache/maven/doxia/doxia-decoration-model/1.1.2/doxia-decoration-model-1.1.2.jar
Downloaded from openmrs-repo: https://mavenrepo.openmrs.org/public/commons-codec/commons-codec/1.2/commons-codec-1.2.jar (30 kB at 22 kB/s)
Downloading from openmrs-repo: https://mavenrepo.openmrs.org/public/org/apache/maven/doxia/doxia-module-xhtml/1.1.2/doxia-module-xhtml-1.1.2.jar
Downloaded from openmrs-repo: https://mavenrepo.openmrs.org/public/org/apache/maven/doxia/doxia-site-renderer/1.1.2/doxia-site-renderer-1.1.2.jar (50 kB at 35 kB/s)
Downloading from openmrs-repo: https://mavenrepo.openmrs.org/public/org/apache/maven/doxia/doxia-module-fml/1.1.2/doxia-module-fml-1.1.2.jar
Downloaded from openmrs-repo: https://mavenrepo.openmrs.org/public/org/apache/maven/doxia/doxia-module-xhtml/1.1.2/doxia-module-xhtml-1.1.2.jar (15 kB at 9.6 kB/s)
Downloading from openmrs-repo: https://mavenrepo.openmrs.org/public/commons-collections/commons-collections/3.2/commons-collections-3.2.jar
Downloaded from openmrs-repo: https://mavenrepo.openmrs.org/public/org/apache/maven/doxia/doxia-decoration-model/1.1.2/doxia-decoration-model-1.1.2.jar (52 kB at 33 kB/s)
Downloading from openmrs-repo: https://mavenrepo.openmrs.org/public/org/jacoco/org.jacoco.agent/0.7.9/org.jacoco.agent-0.7.9-runtime.jar
Downloaded from openmrs-repo: https://mavenrepo.openmrs.org/public/org/apache/maven/doxia/doxia-module-fml/1.1.2/doxia-module-fml-1.1.2.jar (37 kB at 22 kB/s)
Downloading from openmrs-repo: https://mavenrepo.openmrs.org/public/org/jacoco/org.jacoco.core/0.7.9/org.jacoco.core-0.7.9.jar
Downloaded from openmrs-repo: https://mavenrepo.openmrs.org/public/org/jacoco/org.jacoco.core/0.7.9/org.jacoco.core-0.7.9.jar (126 kB at 67 kB/s)
Downloading from openmrs-repo: https://mavenrepo.openmrs.org/public/org/ow2/asm/asm-debug-all/5.2/asm-debug-all-5.2.jar
Downloaded from openmrs-repo: https://mavenrepo.openmrs.org/public/commons-httpclient/commons-httpclient/3.1/commons-httpclient-3.1.jar (305 kB at 158 kB/s)
Downloading from openmrs-repo: https://mavenrepo.openmrs.org/public/org/jacoco/org.jacoco.report/0.7.9/org.jacoco.report-0.7.9.jar
Downloaded from openmrs-repo: https://mavenrepo.openmrs.org/public/org/jacoco/org.jacoco.agent/0.7.9/org.jacoco.agent-0.7.9-runtime.jar (259 kB at 131 kB/s)
Downloaded from openmrs-repo: https://mavenrepo.openmrs.org/public/xerces/xercesImpl/2.8.1/xercesImpl-2.8.1.jar (1.2 MB at 606 kB/s)
Downloaded from openmrs-repo: https://mavenrepo.openmrs.org/public/commons-collections/commons-collections/3.2/commons-collections-3.2.jar (571 kB at 285 kB/s)
Downloaded from openmrs-repo: https://mavenrepo.openmrs.org/public/org/jacoco/org.jacoco.report/0.7.9/org.jacoco.report-0.7.9.jar (128 kB at 58 kB/s)
Downloaded from openmrs-repo: https://mavenrepo.openmrs.org/public/org/ow2/asm/asm-debug-all/5.2/asm-debug-all-5.2.jar (388 kB at 169 kB/s)
[INFO] argLine set to -javaagent:/home/ubuntu/.m2/repository/org/jacoco/org.jacoco.agent/0.7.9/org.jacoco.agent-0.7.9-runtime.jar=destfile=/home/ubuntu/code/openmrs-module-teleconsultation/api/target/jacoco.exec,excludes=**/*Activator.class
[INFO] 
[INFO] --- maven-resources-plugin:2.6:resources (default-resources) @ teleconsultation-api ---
[WARNING] File encoding has not been set, using platform encoding UTF-8, i.e. build is platform dependent!
[WARNING] Using platform encoding (UTF-8 actually) to copy filtered resources, i.e. build is platform dependent!
[INFO] Copying 5 resources
[INFO] 
[INFO] --- maven-compiler-plugin:3.1:compile (default-compile) @ teleconsultation-api ---
[INFO] Changes detected - recompiling the module!
[WARNING] File encoding has not been set, using platform encoding UTF-8, i.e. build is platform dependent!
[INFO] Compiling 3 source files to /home/ubuntu/code/openmrs-module-teleconsultation/api/target/classes
[INFO] 
[INFO] --- maven-resources-plugin:2.6:testResources (default-testResources) @ teleconsultation-api ---
[WARNING] File encoding has not been set, using platform encoding UTF-8, i.e. build is platform dependent!
[WARNING] Using platform encoding (UTF-8 actually) to copy filtered resources, i.e. build is platform dependent!
[INFO] Copying 2 resources
[INFO] 
[INFO] --- maven-compiler-plugin:3.1:testCompile (default-testCompile) @ teleconsultation-api ---
[INFO] Changes detected - recompiling the module!
[WARNING] File encoding has not been set, using platform encoding UTF-8, i.e. build is platform dependent!
[INFO] Compiling 2 source files to /home/ubuntu/code/openmrs-module-teleconsultation/api/target/test-classes
[WARNING] /home/ubuntu/code/openmrs-module-teleconsultation/api/src/test/java/org/bahmni/module/teleconsultation/api/TeleconsultationServiceTest.java: Some input files use or override a deprecated API.
[WARNING] /home/ubuntu/code/openmrs-module-teleconsultation/api/src/test/java/org/bahmni/module/teleconsultation/api/TeleconsultationServiceTest.java: Recompile with -Xlint:deprecation for details.
[INFO] 
[INFO] --- maven-surefire-plugin:2.10:test (default-test) @ teleconsultation-api ---
Downloading from openmrs-repo: https://mavenrepo.openmrs.org/public/org/apache/maven/surefire/surefire-booter/2.10/surefire-booter-2.10.pom
Downloaded from openmrs-repo: https://mavenrepo.openmrs.org/public/org/apache/maven/surefire/surefire-booter/2.10/surefire-booter-2.10.pom (3.0 kB at 14 kB/s)
Downloading from openmrs-repo: https://mavenrepo.openmrs.org/public/org/apache/maven/surefire/surefire-api/2.10/surefire-api-2.10.pom
Downloaded from openmrs-repo: https://mavenrepo.openmrs.org/public/org/apache/maven/surefire/surefire-api/2.10/surefire-api-2.10.pom (2.3 kB at 11 kB/s)
Downloading from openmrs-repo: https://mavenrepo.openmrs.org/public/org/apache/maven/surefire/maven-surefire-common/2.10/maven-surefire-common-2.10.pom
Downloaded from openmrs-repo: https://mavenrepo.openmrs.org/public/org/apache/maven/surefire/maven-surefire-common/2.10/maven-surefire-common-2.10.pom (4.0 kB at 17 kB/s)
Downloading from openmrs-repo: https://mavenrepo.openmrs.org/public/org/apache/maven/maven-toolchain/2.0.9/maven-toolchain-2.0.9.pom
Downloaded from openmrs-repo: https://mavenrepo.openmrs.org/public/org/apache/maven/maven-toolchain/2.0.9/maven-toolchain-2.0.9.pom (3.5 kB at 16 kB/s)
Downloading from openmrs-repo: https://mavenrepo.openmrs.org/public/org/apache/maven/shared/maven-common-artifact-filters/1.3/maven-common-artifact-filters-1.3.pom
Downloaded from openmrs-repo: https://mavenrepo.openmrs.org/public/org/apache/maven/shared/maven-common-artifact-filters/1.3/maven-common-artifact-filters-1.3.pom (3.7 kB at 17 kB/s)
Downloading from openmrs-repo: https://mavenrepo.openmrs.org/public/org/apache/maven/surefire/surefire-booter/2.10/surefire-booter-2.10.jar
Downloading from openmrs-repo: https://mavenrepo.openmrs.org/public/org/apache/maven/surefire/surefire-api/2.10/surefire-api-2.10.jar
Downloading from openmrs-repo: https://mavenrepo.openmrs.org/public/org/apache/maven/surefire/maven-surefire-common/2.10/maven-surefire-common-2.10.jar
Downloading from openmrs-repo: https://mavenrepo.openmrs.org/public/org/apache/maven/shared/maven-common-artifact-filters/1.3/maven-common-artifact-filters-1.3.jar
Downloading from openmrs-repo: https://mavenrepo.openmrs.org/public/org/codehaus/plexus/plexus-utils/2.1/plexus-utils-2.1.jar
Downloaded from openmrs-repo: https://mavenrepo.openmrs.org/public/org/apache/maven/shared/maven-common-artifact-filters/1.3/maven-common-artifact-filters-1.3.jar (31 kB at 103 kB/s)
Downloading from openmrs-repo: https://mavenrepo.openmrs.org/public/org/apache/maven/reporting/maven-reporting-api/2.0.9/maven-reporting-api-2.0.9.jar
Downloaded from openmrs-repo: https://mavenrepo.openmrs.org/public/org/apache/maven/surefire/surefire-booter/2.10/surefire-booter-2.10.jar (34 kB at 111 kB/s)
Downloading from openmrs-repo: https://mavenrepo.openmrs.org/public/org/apache/maven/maven-toolchain/2.0.9/maven-toolchain-2.0.9.jar
Downloaded from openmrs-repo: https://mavenrepo.openmrs.org/public/org/apache/maven/surefire/maven-surefire-common/2.10/maven-surefire-common-2.10.jar (61 kB at 163 kB/s)
Downloaded from openmrs-repo: https://mavenrepo.openmrs.org/public/org/codehaus/plexus/plexus-utils/2.1/plexus-utils-2.1.jar (225 kB at 573 kB/s)
Downloaded from openmrs-repo: https://mavenrepo.openmrs.org/public/org/apache/maven/surefire/surefire-api/2.10/surefire-api-2.10.jar (161 kB at 355 kB/s)
Downloaded from openmrs-repo: https://mavenrepo.openmrs.org/public/org/apache/maven/reporting/maven-reporting-api/2.0.9/maven-reporting-api-2.0.9.jar (10 kB at 20 kB/s)
Downloaded from openmrs-repo: https://mavenrepo.openmrs.org/public/org/apache/maven/maven-toolchain/2.0.9/maven-toolchain-2.0.9.jar (38 kB at 64 kB/s)
[INFO] Surefire report directory: /home/ubuntu/code/openmrs-module-teleconsultation/api/target/surefire-reports
Downloading from openmrs-repo: https://mavenrepo.openmrs.org/public/org/apache/maven/surefire/surefire-junit4/2.10/surefire-junit4-2.10.pom
Downloaded from openmrs-repo: https://mavenrepo.openmrs.org/public/org/apache/maven/surefire/surefire-junit4/2.10/surefire-junit4-2.10.pom (2.6 kB at 12 kB/s)
Downloading from openmrs-repo: https://mavenrepo.openmrs.org/public/org/apache/maven/surefire/surefire-providers/2.10/surefire-providers-2.10.pom
Downloaded from openmrs-repo: https://mavenrepo.openmrs.org/public/org/apache/maven/surefire/surefire-providers/2.10/surefire-providers-2.10.pom (2.3 kB at 11 kB/s)
Downloading from openmrs-repo: https://mavenrepo.openmrs.org/public/org/apache/maven/surefire/surefire-junit4/2.10/surefire-junit4-2.10.jar
Downloaded from openmrs-repo: https://mavenrepo.openmrs.org/public/org/apache/maven/surefire/surefire-junit4/2.10/surefire-junit4-2.10.jar (33 kB at 157 kB/s)

-------------------------------------------------------
 T E S T S
-------------------------------------------------------
Exception in thread "main" java.lang.reflect.InvocationTargetException
	at java.base/jdk.internal.reflect.NativeMethodAccessorImpl.invoke0(Native Method)
	at java.base/jdk.internal.reflect.NativeMethodAccessorImpl.invoke(NativeMethodAccessorImpl.java:62)
	at java.base/jdk.internal.reflect.DelegatingMethodAccessorImpl.invoke(DelegatingMethodAccessorImpl.java:43)
	at java.base/java.lang.reflect.Method.invoke(Method.java:566)
	at java.instrument/sun.instrument.InstrumentationImpl.loadClassAndStartAgent(InstrumentationImpl.java:513)
	at java.instrument/sun.instrument.InstrumentationImpl.loadClassAndCallPremain(InstrumentationImpl.java:525)
Caused by: java.lang.RuntimeException: Class java/util/UUID could not be instrumented.
	at org.jacoco.agent.rt.internal_8ff85ea.core.runtime.ModifiedSystemClassRuntime.createFor(ModifiedSystemClassRuntime.java:140)
	at org.jacoco.agent.rt.internal_8ff85ea.core.runtime.ModifiedSystemClassRuntime.createFor(ModifiedSystemClassRuntime.java:101)
	at org.jacoco.agent.rt.internal_8ff85ea.PreMain.createRuntime(PreMain.java:55)
	at org.jacoco.agent.rt.internal_8ff85ea.PreMain.premain(PreMain.java:47)
	... 6 more
Caused by: java.lang.NoSuchFieldException: $jacocoAccess
	at java.base/java.lang.Class.getField(Class.java:1999)
	at org.jacoco.agent.rt.internal_8ff85ea.core.runtime.ModifiedSystemClassRuntime.createFor(ModifiedSystemClassRuntime.java:138)
	... 9 more
*** java.lang.instrument ASSERTION FAILED ***: "result" with message agent load/premain call failed at ./src/java.instrument/share/native/libinstrument/JPLISAgent.c line: 422
FATAL ERROR in native method: processing of -javaagent failed, processJavaStart failed
Native frames: (J=compiled Java code, A=aot compiled Java code, j=interpreted, Vv=VM code, C=native code)
V  [libjvm.so+0x8ece74]  jni_FatalError+0xf4
V  [libjvm.so+0xa1472a]  JvmtiExport::post_vm_initialized()+0x2da
V  [libjvm.so+0xe4ed51]  Threads::create_vm(JavaVMInitArgs*, bool*)+0x9d1
V  [libjvm.so+0x8fbcb6]  JNI_CreateJavaVM+0x56
C  [libjli.so+0x4d11]  JavaMain+0x91
C  [libjli.so+0x99bd]  ThreadJavaMain+0xd
Aborted (core dumped)

Results :

Tests run: 0, Failures: 0, Errors: 0, Skipped: 0

[INFO] 
[INFO] --- maven-jar-plugin:2.4:jar (default-jar) @ teleconsultation-api ---
[INFO] Building jar: /home/ubuntu/code/openmrs-module-teleconsultation/api/target/teleconsultation-api-2.1.0-SNAPSHOT.jar
[INFO] 
[INFO] --- maven-jar-plugin:2.4:test-jar (default) @ teleconsultation-api ---
[INFO] Building jar: /home/ubuntu/code/openmrs-module-teleconsultation/api/target/teleconsultation-api-2.1.0-SNAPSHOT-tests.jar
[INFO] 
[INFO] --- jacoco-maven-plugin:0.7.9:report (check) @ teleconsultation-api ---
[INFO] Loading execution data file /home/ubuntu/code/openmrs-module-teleconsultation/api/target/jacoco.exec
[INFO] Analyzed bundle 'Teleconsultation API' with 1 classes
[INFO] 
[INFO] --- jacoco-maven-plugin:0.7.9:check (check) @ teleconsultation-api ---
[INFO] Loading execution data file /home/ubuntu/code/openmrs-module-teleconsultation/api/target/jacoco.exec
[INFO] Analyzed bundle 'teleconsultation-api' with 1 classes
[WARNING] Rule violated for bundle teleconsultation-api: lines covered ratio is 0.00, but expected minimum is 0.60
[WARNING] Rule violated for bundle teleconsultation-api: branches covered ratio is 0.00, but expected minimum is 0.80
[INFO] ------------------------------------------------------------------------
[INFO] Reactor Summary for Teleconsultation 2.1.0-SNAPSHOT:
[INFO] 
[INFO] Teleconsultation ................................... SUCCESS [  0.118 s]
[INFO] Teleconsultation API ............................... FAILURE [ 36.736 s]
[INFO] Teleconsultation OMOD .............................. SKIPPED
[INFO] ------------------------------------------------------------------------
[INFO] BUILD FAILURE
[INFO] ------------------------------------------------------------------------
[INFO] Total time:  44.690 s
[INFO] Finished at: 2025-08-02T12:27:00Z
[INFO] ------------------------------------------------------------------------
[ERROR] Failed to execute goal org.jacoco:jacoco-maven-plugin:0.7.9:check (check) on project teleconsultation-api: Coverage checks have not been met. See log for details. -> [Help 1]
[ERROR] 
[ERROR] To see the full stack trace of the errors, re-run Maven with the -e switch.
[ERROR] Re-run Maven using the -X switch to enable full debug logging.
[ERROR] 
[ERROR] For more information about the errors and possible solutions, please read the following articles:
[ERROR] [Help 1] http://cwiki.apache.org/confluence/display/MAVEN/MojoExecutionException
[ERROR] 
[ERROR] After correcting the problems, you can resume the build with the command
[ERROR]   mvn <args> -rf :teleconsultation-api
ubuntu@ip-10-0-22-13:~/code/openmrs-module-teleconsultation$ 
